<?xml version="1.0" encoding="UTF-8"?>
<testsuite xmlns:xsi="http://www.w3.org/2001/XMLSchema-instance" xsi:noNamespaceSchemaLocation="https://maven.apache.org/surefire/maven-surefire-plugin/xsd/surefire-test-report-3.0.xsd" version="3.0" name="testRunner.DailyUpdateTestRunner" time="0.756" tests="2" errors="2" skipped="0" failures="0">
  <properties>
[...]
</properties>
  <testcase name="Daily profile update with location and resume" classname="Daily Naukri Profile Update Automation" time="0.107">
    <error message="/home/runner/work/NakuriAutomation/NakuriAutomation\src\test\resources\config.properties (No such file or directory)" type="java.io.FileNotFoundException"><![CDATA[java.io.FileNotFoundException: /home/runner/work/NakuriAutomation/NakuriAutomation\src\test\resources\config.properties (No such file or directory)
	at java.base/java.io.FileInputStream.open0(Native Method)
	at java.base/java.io.FileInputStream.open(FileInputStream.java:219)
	at java.base/java.io.FileInputStream.<init>(FileInputStream.java:157)
	at java.base/java.io.FileInputStream.<init>(FileInputStream.java:112)
	at java.base/java.io.FileReader.<init>(FileReader.java:60)
	at factory.Base.getProperties(Base.java:121)
	at factory.Base.initilizeBrowser(Base.java:27)
	at hooks.Hooks.setup(Hooks.java:24)
]]></error>
    <system-out><![CDATA[
@profileUpdate @dailyProfileUpdate
Scenario: Daily profile update with location and resume      &amp#27;[90m# src/test/java/features/dailyProfileUpdate.feature:9&amp#27;[0m
      &amp#27;[31mjava.io.FileNotFoundException: /home/runner/work/NakuriAutomation/NakuriAutomation\src\test\resources\config.properties (No such file or directory)
	at java.base/java.io.FileInputStream.open0(Native Method)
	at java.base/java.io.FileInputStream.open(FileInputStream.java:219)
	at java.base/java.io.FileInputStream.<init>(FileInputStream.java:157)
	at java.base/java.io.FileInputStream.<init>(FileInputStream.java:112)
	at java.base/java.io.FileReader.<init>(FileReader.java:60)
	at factory.Base.getProperties(Base.java:121)
	at factory.Base.initilizeBrowser(Base.java:27)
	at hooks.Hooks.setup(Hooks.java:24)
&amp#27;[0m
  &amp#27;[36mGiven &amp#27;[0m&amp#27;[36mI navigate to Naukri Application for daily update&amp#27;[0m    &amp#27;[90m# stepDefinitions.DailyProfileUpdateStepDef.i_navigate_to_naukri_application_for_daily_update()&amp#27;[0m
  &amp#27;[36mAnd &amp#27;[0m&amp#27;[36mI login with environment credentials&amp#27;[0m                   &amp#27;[90m# stepDefinitions.DailyProfileUpdateStepDef.i_login_with_environment_credentials()&amp#27;[0m
  &amp#27;[36mWhen &amp#27;[0m&amp#27;[36mI navigate to my profile page&amp#27;[0m                         &amp#27;[90m# stepDefinitions.DailyProfileUpdateStepDef.i_navigate_to_my_profile_page()&amp#27;[0m
  &amp#27;[36mAnd &amp#27;[0m&amp#27;[36mI update career profile with random location selection&amp#27;[0m &amp#27;[90m# stepDefinitions.DailyProfileUpdateStepDef.i_update_career_profile_with_random_location_selection()&amp#27;[0m
  &amp#27;[36mAnd &amp#27;[0m&amp#27;[36mI upload the latest resume&amp#27;[0m                             &amp#27;[90m# stepDefinitions.DailyProfileUpdateStepDef.i_upload_the_latest_resume()&amp#27;[0m
  &amp#27;[36mAnd &amp#27;[0m&amp#27;[36mI verify the profile activity is recorded&amp#27;[0m              &amp#27;[90m# stepDefinitions.DailyProfileUpdateStepDef.i_verify_the_profile_activity_is_recorded()&amp#27;[0m
      &amp#27;[31mjava.lang.NullPointerException
	at hooks.Hooks.teardown(Hooks.java:33)
&amp#27;[0m
]]></system-out>
  </testcase>
  <testcase name="Daily profile update with location and resume" classname="Daily Naukri Profile Update Automation" time="0.11">
    <error type="java.lang.NullPointerException"><![CDATA[java.lang.NullPointerException
	at hooks.Hooks.teardown(Hooks.java:33)
]]></error>
  </testcase>
</testsuite>